<?xml version="1.0" encoding="UTF-8"?>
<!-- Generated by org.testng.reporters.JUnitXMLReporter -->
<testsuite hostname="Ahmeds-MacBook-Air.local" ignored="0" tests="5" failures="0" timestamp="2020-07-02T17:26:17 AST" time="7.462" errors="0">
  <testcase name="addPet" time="3.772" classname="Test_Pets"/>
  <testcase name="deletePet" time="0.919" classname="Test_Pets"/>
  <testcase name="editPet" time="0.878" classname="Test_Pets"/>
  <testcase name="findByStatus" time="0.941" classname="Test_Pets"/>
  <testcase name="getPet" time="0.875" classname="Test_Pets"/>
</testsuite>
