<?xml version="1.0" encoding="UTF-8"?>
<testng-results skipped="0" failed="0" ignored="0" total="5" passed="5">
  <reporter-output>
  </reporter-output>
  <suite name="Default suite" duration-ms="7462" started-at="2020-07-02T17:26:09 AST" finished-at="2020-07-02T17:26:17 AST">
    <groups>
    </groups>
    <test name="Default test" duration-ms="7462" started-at="2020-07-02T17:26:09 AST" finished-at="2020-07-02T17:26:17 AST">
      <class name="Test_Pets">
        <test-method status="PASS" signature="addPet()[pri:0, instance:Test_Pets@1efed156]" name="addPet" duration-ms="3772" started-at="2020-07-02T17:26:09 AST" finished-at="2020-07-02T17:26:13 AST">
          <reporter-output>
          </reporter-output>
        </test-method> <!-- addPet -->
        <test-method status="PASS" signature="deletePet()[pri:0, instance:Test_Pets@1efed156]" name="deletePet" duration-ms="919" started-at="2020-07-02T17:26:13 AST" finished-at="2020-07-02T17:26:14 AST">
          <reporter-output>
          </reporter-output>
        </test-method> <!-- deletePet -->
        <test-method status="PASS" signature="editPet()[pri:0, instance:Test_Pets@1efed156]" name="editPet" duration-ms="878" started-at="2020-07-02T17:26:14 AST" finished-at="2020-07-02T17:26:15 AST">
          <reporter-output>
          </reporter-output>
        </test-method> <!-- editPet -->
        <test-method status="PASS" signature="findByStatus()[pri:0, instance:Test_Pets@1efed156]" name="findByStatus" duration-ms="941" started-at="2020-07-02T17:26:15 AST" finished-at="2020-07-02T17:26:16 AST">
          <reporter-output>
          </reporter-output>
        </test-method> <!-- findByStatus -->
        <test-method status="PASS" signature="getPet()[pri:0, instance:Test_Pets@1efed156]" name="getPet" duration-ms="875" started-at="2020-07-02T17:26:16 AST" finished-at="2020-07-02T17:26:17 AST">
          <reporter-output>
          </reporter-output>
        </test-method> <!-- getPet -->
      </class> <!-- Test_Pets -->
    </test> <!-- Default test -->
  </suite> <!-- Default suite -->
</testng-results>
